[ 2017-10-03T14:32:55+08:00 ] 0.0.0.0 117.136.64.0 GET /carpool/carpool/listCarpool?type=0&page=1
[ log ] pcxcx.jywysc.com/carpool/carpool/listCarpool?type=0&page=1 [运行时间：0.468759s][吞吐率：2.13req/s] [内存消耗：4,046.79kb] [文件加载：65]
[ sql ] [ DB ] CONNECT:[ UseTime:0.031250s ] mysql:dbname=pcxcx;host=localhost;port=3306;charset=utf8
[ sql ] [ SQL ] SHOW COLUMNS FROM `carpool_content` [ RunTime:0.093752s ]
[ sql ] [ SQL ] SELECT * FROM `carpool_content` WHERE  `status` = 1  AND `start_time` > 1507012374  AND `top_time` > 1507012374 ORDER BY top_time desc LIMIT 0,100 [ RunTime:0.031251s ]
[ sql ] [ SQL ] SELECT * FROM `carpool_content` WHERE  `status` = 1  AND `start_time` > 1507012374  AND `top_time` < 1507012375 ORDER BY start_time asc LIMIT 0,10 [ RunTime:0.000000s ]

---------------------------------------------------------------
[ 2017-10-03T14:32:56+08:00 ] 0.0.0.0 117.136.64.0 GET /carpool/carpool/wxLogin?code=071qD7u904wXzu1GLMs90zA8u90qD7u1&nickname=%E9%98%BF%E4%B8%9C&head=https%3A%2F%2Fwx.qlogo.cn%2Fmmopen%2Fvi_32%2FDYAIOgq83eq5NeEb9jcbIkfeUj1ia1Yia64oDCyMBqKBwe6KaXRujc3knv5ugIGjQ2LSzuYia1xZesrT5Gy0zp6bw%2F0&sex=1
[ log ] pcxcx.jywysc.com/carpool/carpool/wxLogin?code=071qD7u904wXzu1GLMs90zA8u90qD7u1&nickname=%E9%98%BF%E4%B8%9C&head=https%3A%2F%2Fwx.qlogo.cn%2Fmmopen%2Fvi_32%2FDYAIOgq83eq5NeEb9jcbIkfeUj1ia1Yia64oDCyMBqKBwe6KaXRujc3knv5ugIGjQ2LSzuYia1xZesrT5Gy0zp6bw%2F0&sex=1 [运行时间：1.687533s][吞吐率：0.59req/s] [内存消耗：4,675.16kb] [文件加载：86]
[ log ] 远程调用
[ log ] https://api.weixin.qq.com/sns/jscode2session?appid=wxe80eaa0eeabf9d8b&secret=2209798c1106d88e98923cf6394854a9&js_code=071qD7u904wXzu1GLMs90zA8u90qD7u1&grant_type=authorization_code&
[ log ] 远程调用花费1.250024s
[ log ] 远程参数:
[ log ] array (
  'appid' => 'wxe80eaa0eeabf9d8b',
  'secret' => '2209798c1106d88e98923cf6394854a9',
  'js_code' => '071qD7u904wXzu1GLMs90zA8u90qD7u1',
  'grant_type' => 'authorization_code',
)
[ log ] 远程调用请求头:
[ log ] array (
)
[ log ] 远程调用返回参数
[ log ] {"session_key":"S6mr9mvJYU9yToa6fJX0FQ==","expires_in":7200,"openid":"om2_z0Ou0SGBq1WsfJ0jeeF0epEM"}
[ sql ] [ DB ] CONNECT:[ UseTime:0.000000s ] mysql:dbname=pcxcx;host=localhost;port=3306;charset=utf8
[ sql ] [ SQL ] SHOW COLUMNS FROM `carpool_user` [ RunTime:0.046876s ]
[ sql ] [ SQL ] SELECT * FROM `carpool_user` WHERE  `wx_open_id` = 'om2_z0Ou0SGBq1WsfJ0jeeF0epEM' LIMIT 1 [ RunTime:0.015625s ]

---------------------------------------------------------------
